<?xml version="1.0" encoding="UTF-8"?>
<!-- Generated by org.testng.reporters.JUnitXMLReporter -->
<testsuite hostname="DESKTOP-9P5SDUB" ignored="0" name="Test" tests="3" failures="0" timestamp="04 Aug 2019 18:42:59 GMT" time="77.12" errors="0">
  <testcase name="test1" time="19.916" classname="ntt.data.docker_selenium_implementation.ChromeTest1"/>
  <testcase name="test2" time="23.338" classname="ntt.data.docker_selenium_implementation.ChromeTest2"/>
  <testcase name="test3" time="33.727" classname="ntt.data.docker_selenium_implementation.ChromeTest3"/>
</testsuite> <!-- Test -->
