<?xml version="1.0" encoding="UTF-8"?>
<!-- Generated by org.testng.reporters.JUnitXMLReporter -->
<testsuite hostname="DESKTOP-9P5SDUB" ignored="0" name="Test" tests="3" failures="0" timestamp="17 Aug 2019 07:19:15 GMT" time="147.58" errors="0">
  <testcase name="test1" time="63.905" classname="ntt.data.sel.ChromeTest1"/>
  <testcase name="test2" time="68.247" classname="ntt.data.sel.ChromeTest2"/>
  <testcase name="test3" time="84.203" classname="ntt.data.sel.ChromeTest3"/>
</testsuite> <!-- Test -->
