<?xml version="1.0" encoding="UTF-8"?>
<testng-results skipped="0" failed="0" ignored="0" total="3" passed="3">
  <reporter-output>
  </reporter-output>
  <suite name="Suite" duration-ms="147580" started-at="2019-08-17T07:16:47Z" finished-at="2019-08-17T07:19:15Z">
    <groups>
    </groups>
    <test name="Test" duration-ms="147580" started-at="2019-08-17T07:16:47Z" finished-at="2019-08-17T07:19:15Z">
      <class name="ntt.data.sel.ChromeTest2">
        <test-method status="PASS" signature="test2()[pri:0, instance:ntt.data.sel.ChromeTest2@511baa65]" name="test2" duration-ms="68247" started-at="2019-08-17T12:47:23Z" finished-at="2019-08-17T12:48:31Z">
          <reporter-output>
          </reporter-output>
        </test-method> <!-- test2 -->
      </class> <!-- ntt.data.sel.ChromeTest2 -->
      <class name="ntt.data.sel.ChromeTest3">
        <test-method status="PASS" signature="test3()[pri:0, instance:ntt.data.sel.ChromeTest3@340f438e]" name="test3" duration-ms="84203" started-at="2019-08-17T12:47:23Z" finished-at="2019-08-17T12:48:47Z">
          <reporter-output>
          </reporter-output>
        </test-method> <!-- test3 -->
      </class> <!-- ntt.data.sel.ChromeTest3 -->
      <class name="ntt.data.sel.ChromeTest1">
        <test-method status="PASS" signature="setUpDocker()[pri:0, instance:ntt.data.sel.ChromeTest1@39ba5a14]" name="setUpDocker" is-config="true" duration-ms="35067" started-at="2019-08-17T12:46:47Z" finished-at="2019-08-17T12:47:23Z">
          <reporter-output>
          </reporter-output>
        </test-method> <!-- setUpDocker -->
        <test-method status="PASS" signature="test1()[pri:0, instance:ntt.data.sel.ChromeTest1@39ba5a14]" name="test1" duration-ms="63905" started-at="2019-08-17T12:47:23Z" finished-at="2019-08-17T12:48:27Z">
          <reporter-output>
          </reporter-output>
        </test-method> <!-- test1 -->
        <test-method status="PASS" signature="tearDownDocker()[pri:0, instance:ntt.data.sel.ChromeTest1@39ba5a14]" name="tearDownDocker" is-config="true" duration-ms="27731" started-at="2019-08-17T12:48:47Z" finished-at="2019-08-17T12:49:15Z">
          <reporter-output>
          </reporter-output>
        </test-method> <!-- tearDownDocker -->
      </class> <!-- ntt.data.sel.ChromeTest1 -->
    </test> <!-- Test -->
  </suite> <!-- Suite -->
</testng-results>
